<?xml version="1.0" encoding="UTF-8"?>
<!-- Generated by org.testng.reporters.JUnitReportReporter -->
<testsuite hostname="LAPTOP-0DACUFBP" name="com.Freecrm.qa.TestCasees.LoginPageTest" tests="2" failures="0" timestamp="24 Jan 2020 06:01:51 GMT" time="52.082" errors="0">
  <testcase name="UserloginTest" time="24.077" classname="com.Freecrm.qa.TestCasees.LoginPageTest"/>
  <testcase name="VerifyloginPageTitleTest" time="28.005" classname="com.Freecrm.qa.TestCasees.LoginPageTest"/>
</testsuite> <!-- com.Freecrm.qa.TestCasees.LoginPageTest -->
