<?xml version="1.0" encoding="UTF-8"?>
<!-- Generated by org.testng.reporters.JUnitReportReporter -->
<testsuite hostname="LAPTOP-0DACUFBP" name="com.Freecrm.qa.TestCasees.HomepageTest" tests="6" failures="0" timestamp="1 Feb 2020 17:32:38 GMT" time="151.004" errors="0">
  <testcase name="VerifyHomepagetitleTest" time="20.388" classname="com.Freecrm.qa.TestCasees.HomepageTest"/>
  <testcase name="VerifyTaskpageTest" time="27.172" classname="com.Freecrm.qa.TestCasees.HomepageTest"/>
  <testcase name="VerifyUsernameTest" time="30.785" classname="com.Freecrm.qa.TestCasees.HomepageTest"/>
  <testcase name="VerifyContactsLinkTest" time="30.266" classname="com.Freecrm.qa.TestCasees.HomepageTest"/>
  <testcase name="VerifyCalenderpageTest" time="22.591" classname="com.Freecrm.qa.TestCasees.HomepageTest"/>
  <testcase name="VerifyDealspageTest" time="19.802" classname="com.Freecrm.qa.TestCasees.HomepageTest"/>
</testsuite> <!-- com.Freecrm.qa.TestCasees.HomepageTest -->
